<?xml version="1.0" encoding="UTF-8"?>
<!-- Generated by org.testng.reporters.JUnitXMLReporter -->
<testsuite ignored="0" hostname="Anurag" failures="0" tests="5" name="Test6" time="0.044" errors="0" timestamp="2025-03-07T12:01:09 IST">
  <testcase classname="organizations.CreateOragnizationTest" name="createOragnizationTest" time="0.0">
    <skipped/>
  </testcase> <!-- createOragnizationTest -->
  <testcase classname="organizations.Organization_PhoneNoTest" name="organization_PhoneNoTest" time="0.0">
    <skipped/>
  </testcase> <!-- organization_PhoneNoTest -->
  <testcase classname="contacts.CreateContactTest" name="createContactTest" time="0.0">
    <skipped/>
  </testcase> <!-- createContactTest -->
  <testcase classname="organizations.Organization_IndustryTest" name="organization_IndustryTest" time="0.0">
    <skipped/>
  </testcase> <!-- organization_IndustryTest -->
  <testcase classname="contacts.ContactWithIndustryTest" name="contactWithIndustryTest" time="0.0">
    <skipped/>
  </testcase> <!-- contactWithIndustryTest -->
</testsuite> <!-- Test6 -->
