<?xml version="1.0" encoding="UTF-8"?>
<!-- Generated by org.testng.reporters.JUnitXMLReporter -->
<testsuite ignored="2" hostname="Anurag" failures="0" tests="1" name="Test" time="49.357" errors="0" timestamp="2025-02-12T13:09:10 IST">
  <testcase classname="organizations.CreateOragnizationTest" name="createOragnizationTest" time="35.568"/>
  <testcase classname="organizations.Organization_IndustryTest" name="organization_IndustryTest" time="0.0">
    <ignored/>
  </testcase> <!-- organization_IndustryTest -->
  <testcase classname="organizations.Organization_PhoneNoTest" name="organization_PhoneNoTest" time="0.0">
    <ignored/>
  </testcase> <!-- organization_PhoneNoTest -->
</testsuite> <!-- Test -->
