<?xml version="1.0" encoding="UTF-8"?>
<!-- Generated by org.testng.reporters.JUnitXMLReporter -->
<testsuite ignored="2" hostname="Anurag" failures="0" tests="3" name="Test" time="92.949" errors="0" timestamp="2025-02-12T14:51:13 IST">
  <testcase classname="organizations.Organization_PhoneNoTest" name="organization_PhoneNoTest" time="34.42"/>
  <testcase classname="contacts.CreateContactTest" name="createContactTest" time="18.73"/>
  <testcase classname="organizations.Organization_IndustryTest" name="organization_IndustryTest" time="12.588"/>
  <testcase classname="organizations.CreateOragnizationTest" name="createOragnizationTest" time="0.0">
    <ignored/>
  </testcase> <!-- createOragnizationTest -->
  <testcase classname="contacts.ContactWithIndustryTest" name="contactWithIndustryTest" time="0.0">
    <ignored/>
  </testcase> <!-- contactWithIndustryTest -->
</testsuite> <!-- Test -->
