<?xml version="1.0" encoding="UTF-8"?>
<!-- Generated by org.testng.reporters.JUnitXMLReporter -->
<testsuite ignored="0" hostname="Anurag" failures="1" tests="1" name="Test2" time="50.61" errors="0" timestamp="2025-03-11T19:45:56 IST">
  <testcase classname="organizations.Organization_PhoneNoTest" name="organization_PhoneNoTest" time="1.709">
    <failure type="java.lang.NullPointerException" message="Cannot invoke &amp;quot;org.apache.poi.ss.usermodel.Sheet.getRow(int)&amp;quot; because &amp;quot;sh&amp;quot; is null">
      <![CDATA[java.lang.NullPointerException: Cannot invoke "org.apache.poi.ss.usermodel.Sheet.getRow(int)" because "sh" is null
at generic_utility.FileUtility.getDataFromExcel(FileUtility.java:29)
at organizations.Organization_PhoneNoTest.organization_PhoneNoTest(Organization_PhoneNoTest.java:20)
at java.base/java.util.ArrayList.forEach(ArrayList.java:1511)
at java.base/java.util.concurrent.FutureTask.run(FutureTask.java:264)
at java.base/java.util.concurrent.ThreadPoolExecutor.runWorker(ThreadPoolExecutor.java:1136)
at java.base/java.util.concurrent.ThreadPoolExecutor$Worker.run(ThreadPoolExecutor.java:635)
at java.base/java.lang.Thread.run(Thread.java:842)
... Removed 17 stack frames]]>
    </failure>
  </testcase> <!-- organization_PhoneNoTest -->
</testsuite> <!-- Test2 -->
