<?xml version="1.0" encoding="UTF-8"?>
<testng-results ignored="0" total="10" passed="10" failed="0" skipped="0">
  <reporter-output>
  </reporter-output>
  <suite started-at="2025-03-18T12:45:21 IST" name="Suite" finished-at="2025-03-18T12:48:07 IST" duration-ms="165273">
    <groups>
      <group name="SmokeTest">
        <method signature="CreateOragnizationTest.createOragnizationTest()[pri:0, instance:organizations.CreateOragnizationTest@229f66ed]" name="createOragnizationTest" class="organizations.CreateOragnizationTest"/>
        <method signature="CreateContactTest.createContactTest()[pri:0, instance:contacts.CreateContactTest@41a2befb]" name="createContactTest" class="contacts.CreateContactTest"/>
        <method signature="ContactWithIndustryTest.contactWithIndustryTest()[pri:0, instance:contacts.ContactWithIndustryTest@6200f9cb]" name="contactWithIndustryTest" class="contacts.ContactWithIndustryTest"/>
        <method signature="ContactWithIndustryTest.contactWithIndustryTest()[pri:0, instance:contacts.ContactWithIndustryTest@43c1b556]" name="contactWithIndustryTest" class="contacts.ContactWithIndustryTest"/>
        <method signature="CreateContactTest.createContactTest()[pri:0, instance:contacts.CreateContactTest@7dc0f706]" name="createContactTest" class="contacts.CreateContactTest"/>
        <method signature="CreateOragnizationTest.createOragnizationTest()[pri:0, instance:organizations.CreateOragnizationTest@ae13544]" name="createOragnizationTest" class="organizations.CreateOragnizationTest"/>
      </group> <!-- SmokeTest -->
      <group name="RegressionTest">
        <method signature="Organization_PhoneNoTest.organization_PhoneNoTest()[pri:0, instance:organizations.Organization_PhoneNoTest@5e5d171f]" name="organization_PhoneNoTest" class="organizations.Organization_PhoneNoTest"/>
        <method signature="Organization_IndustryTest.organization_IndustryTest()[pri:0, instance:organizations.Organization_IndustryTest@2df3b89c]" name="organization_IndustryTest" class="organizations.Organization_IndustryTest"/>
        <method signature="Organization_IndustryTest.organization_IndustryTest()[pri:0, instance:organizations.Organization_IndustryTest@4009e306]" name="organization_IndustryTest" class="organizations.Organization_IndustryTest"/>
        <method signature="Organization_PhoneNoTest.organization_PhoneNoTest()[pri:0, instance:organizations.Organization_PhoneNoTest@3d34d211]" name="organization_PhoneNoTest" class="organizations.Organization_PhoneNoTest"/>
      </group> <!-- RegressionTest -->
    </groups>
    <test started-at="2025-03-18T12:45:21 IST" name="Test2" finished-at="2025-03-18T12:45:51 IST" duration-ms="29720">
      <class name="organizations.Organization_PhoneNoTest">
        <test-method is-config="true" signature="selectBrowser(java.lang.String)[pri:0, instance:organizations.Organization_PhoneNoTest@5e5d171f]" started-at="2025-03-18T12:45:21 IST" name="selectBrowser" finished-at="2025-03-18T12:45:31 IST" duration-ms="9927" status="PASS">
          <params>
            <param index="0">
              <value>
                <![CDATA[Firefox]]>
              </value>
            </param>
          </params>
          <reporter-output>
          </reporter-output>
        </test-method> <!-- selectBrowser -->
        <test-method is-config="true" signature="login()[pri:0, instance:organizations.Organization_PhoneNoTest@5e5d171f]" started-at="2025-03-18T12:45:31 IST" name="login" finished-at="2025-03-18T12:45:36 IST" duration-ms="5036" status="PASS">
          <reporter-output>
          </reporter-output>
        </test-method> <!-- login -->
        <test-method signature="organization_PhoneNoTest()[pri:0, instance:organizations.Organization_PhoneNoTest@5e5d171f]" started-at="2025-03-18T12:45:36 IST" name="organization_PhoneNoTest" finished-at="2025-03-18T12:45:51 IST" duration-ms="14640" status="PASS">
          <reporter-output>
          </reporter-output>
        </test-method> <!-- organization_PhoneNoTest -->
        <test-method is-config="true" signature="logout()[pri:0, instance:organizations.Organization_PhoneNoTest@5e5d171f]" started-at="2025-03-18T12:45:51 IST" name="logout" finished-at="2025-03-18T12:45:51 IST" duration-ms="39" status="FAIL">
          <exception class="org.openqa.selenium.JavascriptException">
            <message>
              <![CDATA[Cyclic object value
Build info: version: '4.23.1', revision: '656257d8e9'
System info: os.name: 'Windows 11', os.arch: 'amd64', os.version: '10.0', java.version: '17.0.12'
Driver info: org.openqa.selenium.firefox.FirefoxDriver
Command: [ffd5d279-3976-4c6c-a6e4-93aceb4d7379, actions {actions=[org.openqa.selenium.interactions.Sequence@617d2b0d]}]
Capabilities {acceptInsecureCerts: true, browserName: firefox, browserVersion: 136.0.1, moz:accessibilityChecks: false, moz:buildID: 20250310180126, moz:debuggerAddress: 127.0.0.1:3774, moz:geckodriverVersion: 0.36.0, moz:headless: false, moz:platformVersion: 10.0, moz:processID: 23504, moz:profile: C:\Users\asjad\AppData\Loca..., moz:shutdownTimeout: 60000, moz:webdriverClick: true, moz:windowless: false, pageLoadStrategy: normal, platformName: windows, proxy: Proxy(), se:cdp: ws://127.0.0.1:3774/devtool..., se:cdpVersion: 85.0, setWindowRect: true, strictFileInteractability: false, timeouts: {implicit: 0, pageLoad: 300000, script: 30000}, unhandledPromptBehavior: dismiss and notify, userAgent: Mozilla/5.0 (Windows NT 10....}
Session ID: ffd5d279-3976-4c6c-a6e4-93aceb4d7379]]>
            </message>
            <full-stacktrace>
              <![CDATA[org.openqa.selenium.JavascriptException: Cyclic object value
Build info: version: '4.23.1', revision: '656257d8e9'
System info: os.name: 'Windows 11', os.arch: 'amd64', os.version: '10.0', java.version: '17.0.12'
Driver info: org.openqa.selenium.firefox.FirefoxDriver
Command: [ffd5d279-3976-4c6c-a6e4-93aceb4d7379, actions {actions=[org.openqa.selenium.interactions.Sequence@617d2b0d]}]
Capabilities {acceptInsecureCerts: true, browserName: firefox, browserVersion: 136.0.1, moz:accessibilityChecks: false, moz:buildID: 20250310180126, moz:debuggerAddress: 127.0.0.1:3774, moz:geckodriverVersion: 0.36.0, moz:headless: false, moz:platformVersion: 10.0, moz:processID: 23504, moz:profile: C:\Users\asjad\AppData\Loca..., moz:shutdownTimeout: 60000, moz:webdriverClick: true, moz:windowless: false, pageLoadStrategy: normal, platformName: windows, proxy: Proxy(), se:cdp: ws://127.0.0.1:3774/devtool..., se:cdpVersion: 85.0, setWindowRect: true, strictFileInteractability: false, timeouts: {implicit: 0, pageLoad: 300000, script: 30000}, unhandledPromptBehavior: dismiss and notify, userAgent: Mozilla/5.0 (Windows NT 10....}
Session ID: ffd5d279-3976-4c6c-a6e4-93aceb4d7379
at java.base/jdk.internal.reflect.NativeConstructorAccessorImpl.newInstance0(Native Method)
at java.base/jdk.internal.reflect.NativeConstructorAccessorImpl.newInstance(NativeConstructorAccessorImpl.java:77)
at java.base/jdk.internal.reflect.DelegatingConstructorAccessorImpl.newInstance(DelegatingConstructorAccessorImpl.java:45)
at java.base/java.lang.reflect.Constructor.newInstanceWithCaller(Constructor.java:499)
at java.base/java.lang.reflect.Constructor.newInstance(Constructor.java:480)
at org.openqa.selenium.remote.ErrorCodec.decode(ErrorCodec.java:167)
at org.openqa.selenium.remote.codec.w3c.W3CHttpResponseCodec.decode(W3CHttpResponseCodec.java:138)
at org.openqa.selenium.remote.codec.w3c.W3CHttpResponseCodec.decode(W3CHttpResponseCodec.java:50)
at org.openqa.selenium.remote.HttpCommandExecutor.execute(HttpCommandExecutor.java:190)
at org.openqa.selenium.remote.service.DriverCommandExecutor.invokeExecute(DriverCommandExecutor.java:216)
at org.openqa.selenium.remote.service.DriverCommandExecutor.execute(DriverCommandExecutor.java:174)
at org.openqa.selenium.remote.RemoteWebDriver.execute(RemoteWebDriver.java:545)
at org.openqa.selenium.remote.RemoteWebDriver.perform(RemoteWebDriver.java:631)
at org.openqa.selenium.interactions.Actions$BuiltAction.perform(Actions.java:613)
at generic_utility.BaseClass.logout(BaseClass.java:71)
at java.base/jdk.internal.reflect.NativeMethodAccessorImpl.invoke0(Native Method)
at java.base/jdk.internal.reflect.NativeMethodAccessorImpl.invoke(NativeMethodAccessorImpl.java:77)
at java.base/jdk.internal.reflect.DelegatingMethodAccessorImpl.invoke(DelegatingMethodAccessorImpl.java:43)
at java.base/java.lang.reflect.Method.invoke(Method.java:568)
at org.testng.internal.invokers.MethodInvocationHelper.invokeMethod(MethodInvocationHelper.java:141)
at org.testng.internal.invokers.MethodInvocationHelper.invokeMethodConsideringTimeout(MethodInvocationHelper.java:71)
at org.testng.internal.invokers.ConfigInvoker.invokeConfigurationMethod(ConfigInvoker.java:400)
at org.testng.internal.invokers.ConfigInvoker.invokeConfigurations(ConfigInvoker.java:333)
at org.testng.internal.invokers.TestInvoker.runConfigMethods(TestInvoker.java:833)
at org.testng.internal.invokers.TestInvoker.runAfterConfigurations(TestInvoker.java:802)
at org.testng.internal.invokers.TestInvoker.invokeMethod(TestInvoker.java:778)
at org.testng.internal.invokers.TestInvoker.invokeTestMethod(TestInvoker.java:230)
at org.testng.internal.invokers.MethodRunner.runInSequence(MethodRunner.java:63)
at org.testng.internal.invokers.TestInvoker$MethodInvocationAgent.invoke(TestInvoker.java:992)
at org.testng.internal.invokers.TestInvoker.invokeTestMethods(TestInvoker.java:203)
at org.testng.internal.invokers.TestMethodWorker.invokeTestMethods(TestMethodWorker.java:154)
at org.testng.internal.invokers.TestMethodWorker.run(TestMethodWorker.java:134)
at java.base/java.util.ArrayList.forEach(ArrayList.java:1511)
at org.testng.TestRunner.privateRun(TestRunner.java:739)
at org.testng.TestRunner.run(TestRunner.java:614)
at org.testng.SuiteRunner.runTest(SuiteRunner.java:421)
at org.testng.SuiteRunner$SuiteWorker.run(SuiteRunner.java:463)
at org.testng.internal.thread.ThreadUtil.lambda$execute$0(ThreadUtil.java:64)
at java.base/java.util.concurrent.FutureTask.run(FutureTask.java:264)
at java.base/java.util.concurrent.ThreadPoolExecutor.runWorker(ThreadPoolExecutor.java:1136)
at java.base/java.util.concurrent.ThreadPoolExecutor$Worker.run(ThreadPoolExecutor.java:635)
at java.base/java.lang.Thread.run(Thread.java:842)
]]>
            </full-stacktrace>
          </exception> <!-- org.openqa.selenium.JavascriptException -->
          <reporter-output>
          </reporter-output>
        </test-method> <!-- logout -->
        <test-method is-config="true" signature="closeBrowser()[pri:0, instance:organizations.Organization_PhoneNoTest@5e5d171f]" started-at="2025-03-18T12:45:51 IST" name="closeBrowser" finished-at="2025-03-18T12:45:51 IST" duration-ms="0" status="SKIP">
          <reporter-output>
          </reporter-output>
        </test-method> <!-- closeBrowser -->
      </class> <!-- organizations.Organization_PhoneNoTest -->
    </test> <!-- Test2 -->
    <test started-at="2025-03-18T12:45:21 IST" name="Test1" finished-at="2025-03-18T12:45:52 IST" duration-ms="30244">
      <class name="organizations.CreateOragnizationTest">
        <test-method is-config="true" signature="selectBrowser(java.lang.String)[pri:0, instance:organizations.CreateOragnizationTest@229f66ed]" started-at="2025-03-18T12:45:21 IST" name="selectBrowser" finished-at="2025-03-18T12:45:31 IST" duration-ms="10017" status="PASS">
          <params>
            <param index="0">
              <value>
                <![CDATA[Firefox]]>
              </value>
            </param>
          </params>
          <reporter-output>
          </reporter-output>
        </test-method> <!-- selectBrowser -->
        <test-method is-config="true" signature="login()[pri:0, instance:organizations.CreateOragnizationTest@229f66ed]" started-at="2025-03-18T12:45:31 IST" name="login" finished-at="2025-03-18T12:45:36 IST" duration-ms="5061" status="PASS">
          <reporter-output>
          </reporter-output>
        </test-method> <!-- login -->
        <test-method signature="createOragnizationTest()[pri:0, instance:organizations.CreateOragnizationTest@229f66ed]" started-at="2025-03-18T12:45:36 IST" name="createOragnizationTest" finished-at="2025-03-18T12:45:52 IST" duration-ms="15057" status="PASS">
          <reporter-output>
          </reporter-output>
        </test-method> <!-- createOragnizationTest -->
        <test-method is-config="true" signature="logout()[pri:0, instance:organizations.CreateOragnizationTest@229f66ed]" started-at="2025-03-18T12:45:52 IST" name="logout" finished-at="2025-03-18T12:45:52 IST" duration-ms="45" status="FAIL">
          <exception class="org.openqa.selenium.JavascriptException">
            <message>
              <![CDATA[Cyclic object value
Build info: version: '4.23.1', revision: '656257d8e9'
System info: os.name: 'Windows 11', os.arch: 'amd64', os.version: '10.0', java.version: '17.0.12'
Driver info: org.openqa.selenium.firefox.FirefoxDriver
Command: [f6021e6f-5b32-43ed-a1c2-65678fd734c0, actions {actions=[org.openqa.selenium.interactions.Sequence@4e03fa48]}]
Capabilities {acceptInsecureCerts: true, browserName: firefox, browserVersion: 136.0.1, moz:accessibilityChecks: false, moz:buildID: 20250310180126, moz:debuggerAddress: 127.0.0.1:24291, moz:geckodriverVersion: 0.36.0, moz:headless: false, moz:platformVersion: 10.0, moz:processID: 32740, moz:profile: C:\Users\asjad\AppData\Loca..., moz:shutdownTimeout: 60000, moz:webdriverClick: true, moz:windowless: false, pageLoadStrategy: normal, platformName: windows, proxy: Proxy(), se:cdp: ws://127.0.0.1:24291/devtoo..., se:cdpVersion: 85.0, setWindowRect: true, strictFileInteractability: false, timeouts: {implicit: 0, pageLoad: 300000, script: 30000}, unhandledPromptBehavior: dismiss and notify, userAgent: Mozilla/5.0 (Windows NT 10....}
Session ID: f6021e6f-5b32-43ed-a1c2-65678fd734c0]]>
            </message>
            <full-stacktrace>
              <![CDATA[org.openqa.selenium.JavascriptException: Cyclic object value
Build info: version: '4.23.1', revision: '656257d8e9'
System info: os.name: 'Windows 11', os.arch: 'amd64', os.version: '10.0', java.version: '17.0.12'
Driver info: org.openqa.selenium.firefox.FirefoxDriver
Command: [f6021e6f-5b32-43ed-a1c2-65678fd734c0, actions {actions=[org.openqa.selenium.interactions.Sequence@4e03fa48]}]
Capabilities {acceptInsecureCerts: true, browserName: firefox, browserVersion: 136.0.1, moz:accessibilityChecks: false, moz:buildID: 20250310180126, moz:debuggerAddress: 127.0.0.1:24291, moz:geckodriverVersion: 0.36.0, moz:headless: false, moz:platformVersion: 10.0, moz:processID: 32740, moz:profile: C:\Users\asjad\AppData\Loca..., moz:shutdownTimeout: 60000, moz:webdriverClick: true, moz:windowless: false, pageLoadStrategy: normal, platformName: windows, proxy: Proxy(), se:cdp: ws://127.0.0.1:24291/devtoo..., se:cdpVersion: 85.0, setWindowRect: true, strictFileInteractability: false, timeouts: {implicit: 0, pageLoad: 300000, script: 30000}, unhandledPromptBehavior: dismiss and notify, userAgent: Mozilla/5.0 (Windows NT 10....}
Session ID: f6021e6f-5b32-43ed-a1c2-65678fd734c0
at java.base/jdk.internal.reflect.NativeConstructorAccessorImpl.newInstance0(Native Method)
at java.base/jdk.internal.reflect.NativeConstructorAccessorImpl.newInstance(NativeConstructorAccessorImpl.java:77)
at java.base/jdk.internal.reflect.DelegatingConstructorAccessorImpl.newInstance(DelegatingConstructorAccessorImpl.java:45)
at java.base/java.lang.reflect.Constructor.newInstanceWithCaller(Constructor.java:499)
at java.base/java.lang.reflect.Constructor.newInstance(Constructor.java:480)
at org.openqa.selenium.remote.ErrorCodec.decode(ErrorCodec.java:167)
at org.openqa.selenium.remote.codec.w3c.W3CHttpResponseCodec.decode(W3CHttpResponseCodec.java:138)
at org.openqa.selenium.remote.codec.w3c.W3CHttpResponseCodec.decode(W3CHttpResponseCodec.java:50)
at org.openqa.selenium.remote.HttpCommandExecutor.execute(HttpCommandExecutor.java:190)
at org.openqa.selenium.remote.service.DriverCommandExecutor.invokeExecute(DriverCommandExecutor.java:216)
at org.openqa.selenium.remote.service.DriverCommandExecutor.execute(DriverCommandExecutor.java:174)
at org.openqa.selenium.remote.RemoteWebDriver.execute(RemoteWebDriver.java:545)
at org.openqa.selenium.remote.RemoteWebDriver.perform(RemoteWebDriver.java:631)
at org.openqa.selenium.interactions.Actions$BuiltAction.perform(Actions.java:613)
at generic_utility.BaseClass.logout(BaseClass.java:71)
at java.base/jdk.internal.reflect.NativeMethodAccessorImpl.invoke0(Native Method)
at java.base/jdk.internal.reflect.NativeMethodAccessorImpl.invoke(NativeMethodAccessorImpl.java:77)
at java.base/jdk.internal.reflect.DelegatingMethodAccessorImpl.invoke(DelegatingMethodAccessorImpl.java:43)
at java.base/java.lang.reflect.Method.invoke(Method.java:568)
at org.testng.internal.invokers.MethodInvocationHelper.invokeMethod(MethodInvocationHelper.java:141)
at org.testng.internal.invokers.MethodInvocationHelper.invokeMethodConsideringTimeout(MethodInvocationHelper.java:71)
at org.testng.internal.invokers.ConfigInvoker.invokeConfigurationMethod(ConfigInvoker.java:400)
at org.testng.internal.invokers.ConfigInvoker.invokeConfigurations(ConfigInvoker.java:333)
at org.testng.internal.invokers.TestInvoker.runConfigMethods(TestInvoker.java:833)
at org.testng.internal.invokers.TestInvoker.runAfterConfigurations(TestInvoker.java:802)
at org.testng.internal.invokers.TestInvoker.invokeMethod(TestInvoker.java:778)
at org.testng.internal.invokers.TestInvoker.invokeTestMethod(TestInvoker.java:230)
at org.testng.internal.invokers.MethodRunner.runInSequence(MethodRunner.java:63)
at org.testng.internal.invokers.TestInvoker$MethodInvocationAgent.invoke(TestInvoker.java:992)
at org.testng.internal.invokers.TestInvoker.invokeTestMethods(TestInvoker.java:203)
at org.testng.internal.invokers.TestMethodWorker.invokeTestMethods(TestMethodWorker.java:154)
at org.testng.internal.invokers.TestMethodWorker.run(TestMethodWorker.java:134)
at java.base/java.util.ArrayList.forEach(ArrayList.java:1511)
at org.testng.TestRunner.privateRun(TestRunner.java:739)
at org.testng.TestRunner.run(TestRunner.java:614)
at org.testng.SuiteRunner.runTest(SuiteRunner.java:421)
at org.testng.SuiteRunner$SuiteWorker.run(SuiteRunner.java:463)
at org.testng.internal.thread.ThreadUtil.lambda$execute$0(ThreadUtil.java:64)
at java.base/java.util.concurrent.FutureTask.run(FutureTask.java:264)
at java.base/java.util.concurrent.ThreadPoolExecutor.runWorker(ThreadPoolExecutor.java:1136)
at java.base/java.util.concurrent.ThreadPoolExecutor$Worker.run(ThreadPoolExecutor.java:635)
at java.base/java.lang.Thread.run(Thread.java:842)
]]>
            </full-stacktrace>
          </exception> <!-- org.openqa.selenium.JavascriptException -->
          <reporter-output>
          </reporter-output>
        </test-method> <!-- logout -->
        <test-method is-config="true" signature="closeBrowser()[pri:0, instance:organizations.CreateOragnizationTest@229f66ed]" started-at="2025-03-18T12:45:52 IST" name="closeBrowser" finished-at="2025-03-18T12:45:52 IST" duration-ms="0" status="SKIP">
          <reporter-output>
          </reporter-output>
        </test-method> <!-- closeBrowser -->
      </class> <!-- organizations.CreateOragnizationTest -->
    </test> <!-- Test1 -->
    <test started-at="2025-03-18T12:45:21 IST" name="Test4" finished-at="2025-03-18T12:45:53 IST" duration-ms="31773">
      <class name="organizations.Organization_IndustryTest">
        <test-method is-config="true" signature="selectBrowser(java.lang.String)[pri:0, instance:organizations.Organization_IndustryTest@2df3b89c]" started-at="2025-03-18T12:45:21 IST" name="selectBrowser" finished-at="2025-03-18T12:45:28 IST" duration-ms="6322" status="PASS">
          <params>
            <param index="0">
              <value>
                <![CDATA[Chrome]]>
              </value>
            </param>
          </params>
          <reporter-output>
          </reporter-output>
        </test-method> <!-- selectBrowser -->
        <test-method is-config="true" signature="login()[pri:0, instance:organizations.Organization_IndustryTest@2df3b89c]" started-at="2025-03-18T12:45:28 IST" name="login" finished-at="2025-03-18T12:45:30 IST" duration-ms="1995" status="PASS">
          <reporter-output>
          </reporter-output>
        </test-method> <!-- login -->
        <test-method signature="organization_IndustryTest()[pri:0, instance:organizations.Organization_IndustryTest@2df3b89c]" started-at="2025-03-18T12:45:30 IST" name="organization_IndustryTest" finished-at="2025-03-18T12:45:50 IST" duration-ms="20095" status="PASS">
          <reporter-output>
          </reporter-output>
        </test-method> <!-- organization_IndustryTest -->
        <test-method is-config="true" signature="logout()[pri:0, instance:organizations.Organization_IndustryTest@2df3b89c]" started-at="2025-03-18T12:45:50 IST" name="logout" finished-at="2025-03-18T12:45:53 IST" duration-ms="3017" status="PASS">
          <reporter-output>
          </reporter-output>
        </test-method> <!-- logout -->
        <test-method is-config="true" signature="closeBrowser()[pri:0, instance:organizations.Organization_IndustryTest@2df3b89c]" started-at="2025-03-18T12:45:53 IST" name="closeBrowser" finished-at="2025-03-18T12:45:53 IST" duration-ms="279" status="PASS">
          <reporter-output>
          </reporter-output>
        </test-method> <!-- closeBrowser -->
      </class> <!-- organizations.Organization_IndustryTest -->
    </test> <!-- Test4 -->
    <test started-at="2025-03-18T12:45:21 IST" name="Test3" finished-at="2025-03-18T12:46:03 IST" duration-ms="41214">
      <class name="contacts.CreateContactTest">
        <test-method is-config="true" signature="selectBrowser(java.lang.String)[pri:0, instance:contacts.CreateContactTest@41a2befb]" started-at="2025-03-18T12:45:21 IST" name="selectBrowser" finished-at="2025-03-18T12:45:28 IST" duration-ms="6176" status="PASS">
          <params>
            <param index="0">
              <value>
                <![CDATA[chrome]]>
              </value>
            </param>
          </params>
          <reporter-output>
          </reporter-output>
        </test-method> <!-- selectBrowser -->
        <test-method is-config="true" signature="login()[pri:0, instance:contacts.CreateContactTest@41a2befb]" started-at="2025-03-18T12:45:28 IST" name="login" finished-at="2025-03-18T12:45:30 IST" duration-ms="2126" status="PASS">
          <reporter-output>
          </reporter-output>
        </test-method> <!-- login -->
        <test-method signature="createContactTest()[pri:0, instance:contacts.CreateContactTest@41a2befb]" started-at="2025-03-18T12:45:30 IST" name="createContactTest" finished-at="2025-03-18T12:45:59 IST" duration-ms="29275" status="PASS">
          <reporter-output>
          </reporter-output>
        </test-method> <!-- createContactTest -->
        <test-method is-config="true" signature="logout()[pri:0, instance:contacts.CreateContactTest@41a2befb]" started-at="2025-03-18T12:45:59 IST" name="logout" finished-at="2025-03-18T12:46:02 IST" duration-ms="3335" status="PASS">
          <reporter-output>
          </reporter-output>
        </test-method> <!-- logout -->
        <test-method is-config="true" signature="closeBrowser()[pri:0, instance:contacts.CreateContactTest@41a2befb]" started-at="2025-03-18T12:46:02 IST" name="closeBrowser" finished-at="2025-03-18T12:46:03 IST" duration-ms="239" status="PASS">
          <reporter-output>
          </reporter-output>
        </test-method> <!-- closeBrowser -->
      </class> <!-- contacts.CreateContactTest -->
    </test> <!-- Test3 -->
    <test started-at="2025-03-18T12:45:21 IST" name="Test5" finished-at="2025-03-18T12:46:06 IST" duration-ms="44408">
      <class name="contacts.ContactWithIndustryTest">
        <test-method is-config="true" signature="selectBrowser(java.lang.String)[pri:0, instance:contacts.ContactWithIndustryTest@6200f9cb]" started-at="2025-03-18T12:45:21 IST" name="selectBrowser" finished-at="2025-03-18T12:45:28 IST" duration-ms="6133" status="PASS">
          <params>
            <param index="0">
              <value>
                <![CDATA[Chrome]]>
              </value>
            </param>
          </params>
          <reporter-output>
          </reporter-output>
        </test-method> <!-- selectBrowser -->
        <test-method is-config="true" signature="login()[pri:0, instance:contacts.ContactWithIndustryTest@6200f9cb]" started-at="2025-03-18T12:45:28 IST" name="login" finished-at="2025-03-18T12:45:30 IST" duration-ms="2162" status="PASS">
          <reporter-output>
          </reporter-output>
        </test-method> <!-- login -->
        <test-method signature="contactWithIndustryTest()[pri:0, instance:contacts.ContactWithIndustryTest@6200f9cb]" started-at="2025-03-18T12:45:30 IST" name="contactWithIndustryTest" finished-at="2025-03-18T12:46:02 IST" duration-ms="32587" status="PASS">
          <reporter-output>
          </reporter-output>
        </test-method> <!-- contactWithIndustryTest -->
        <test-method is-config="true" signature="logout()[pri:0, instance:contacts.ContactWithIndustryTest@6200f9cb]" started-at="2025-03-18T12:46:02 IST" name="logout" finished-at="2025-03-18T12:46:06 IST" duration-ms="3183" status="PASS">
          <reporter-output>
          </reporter-output>
        </test-method> <!-- logout -->
        <test-method is-config="true" signature="closeBrowser()[pri:0, instance:contacts.ContactWithIndustryTest@6200f9cb]" started-at="2025-03-18T12:46:06 IST" name="closeBrowser" finished-at="2025-03-18T12:46:06 IST" duration-ms="261" status="PASS">
          <reporter-output>
          </reporter-output>
        </test-method> <!-- closeBrowser -->
      </class> <!-- contacts.ContactWithIndustryTest -->
    </test> <!-- Test5 -->
    <test started-at="2025-03-18T12:45:51 IST" name="Test6" finished-at="2025-03-18T12:48:07 IST" duration-ms="135483">
      <class name="organizations.Organization_PhoneNoTest">
        <test-method is-config="true" signature="selectBrowser(java.lang.String)[pri:0, instance:organizations.Organization_PhoneNoTest@3d34d211]" started-at="2025-03-18T12:46:15 IST" name="selectBrowser" finished-at="2025-03-18T12:46:16 IST" duration-ms="975" status="PASS">
          <params>
            <param index="0">
              <value>
                <![CDATA[chrome]]>
              </value>
            </param>
          </params>
          <reporter-output>
          </reporter-output>
        </test-method> <!-- selectBrowser -->
        <test-method is-config="true" signature="login()[pri:0, instance:organizations.Organization_PhoneNoTest@3d34d211]" started-at="2025-03-18T12:46:16 IST" name="login" finished-at="2025-03-18T12:46:21 IST" duration-ms="4513" status="PASS">
          <reporter-output>
          </reporter-output>
        </test-method> <!-- login -->
        <test-method signature="organization_PhoneNoTest()[pri:0, instance:organizations.Organization_PhoneNoTest@3d34d211]" started-at="2025-03-18T12:46:21 IST" name="organization_PhoneNoTest" finished-at="2025-03-18T12:46:35 IST" duration-ms="14331" status="PASS">
          <reporter-output>
          </reporter-output>
        </test-method> <!-- organization_PhoneNoTest -->
        <test-method is-config="true" signature="logout()[pri:0, instance:organizations.Organization_PhoneNoTest@3d34d211]" started-at="2025-03-18T12:46:35 IST" name="logout" finished-at="2025-03-18T12:46:38 IST" duration-ms="2855" status="PASS">
          <reporter-output>
          </reporter-output>
        </test-method> <!-- logout -->
        <test-method is-config="true" signature="closeBrowser()[pri:0, instance:organizations.Organization_PhoneNoTest@3d34d211]" started-at="2025-03-18T12:46:38 IST" name="closeBrowser" finished-at="2025-03-18T12:46:38 IST" duration-ms="220" status="PASS">
          <reporter-output>
          </reporter-output>
        </test-method> <!-- closeBrowser -->
      </class> <!-- organizations.Organization_PhoneNoTest -->
      <class name="organizations.CreateOragnizationTest">
        <test-method is-config="true" signature="selectBrowser(java.lang.String)[pri:0, instance:organizations.CreateOragnizationTest@ae13544]" started-at="2025-03-18T12:45:51 IST" name="selectBrowser" finished-at="2025-03-18T12:45:52 IST" duration-ms="1224" status="PASS">
          <params>
            <param index="0">
              <value>
                <![CDATA[chrome]]>
              </value>
            </param>
          </params>
          <reporter-output>
          </reporter-output>
        </test-method> <!-- selectBrowser -->
        <test-method is-config="true" signature="login()[pri:0, instance:organizations.CreateOragnizationTest@ae13544]" started-at="2025-03-18T12:45:52 IST" name="login" finished-at="2025-03-18T12:45:54 IST" duration-ms="1395" status="PASS">
          <reporter-output>
          </reporter-output>
        </test-method> <!-- login -->
        <test-method signature="createOragnizationTest()[pri:0, instance:organizations.CreateOragnizationTest@ae13544]" started-at="2025-03-18T12:45:54 IST" name="createOragnizationTest" finished-at="2025-03-18T12:46:12 IST" duration-ms="18441" status="PASS">
          <reporter-output>
          </reporter-output>
        </test-method> <!-- createOragnizationTest -->
        <test-method is-config="true" signature="logout()[pri:0, instance:organizations.CreateOragnizationTest@ae13544]" started-at="2025-03-18T12:46:12 IST" name="logout" finished-at="2025-03-18T12:46:15 IST" duration-ms="2980" status="PASS">
          <reporter-output>
          </reporter-output>
        </test-method> <!-- logout -->
        <test-method is-config="true" signature="closeBrowser()[pri:0, instance:organizations.CreateOragnizationTest@ae13544]" started-at="2025-03-18T12:46:15 IST" name="closeBrowser" finished-at="2025-03-18T12:46:15 IST" duration-ms="230" status="PASS">
          <reporter-output>
          </reporter-output>
        </test-method> <!-- closeBrowser -->
      </class> <!-- organizations.CreateOragnizationTest -->
      <class name="organizations.Organization_IndustryTest">
        <test-method is-config="true" signature="selectBrowser(java.lang.String)[pri:0, instance:organizations.Organization_IndustryTest@4009e306]" started-at="2025-03-18T12:47:10 IST" name="selectBrowser" finished-at="2025-03-18T12:47:11 IST" duration-ms="941" status="PASS">
          <params>
            <param index="0">
              <value>
                <![CDATA[chrome]]>
              </value>
            </param>
          </params>
          <reporter-output>
          </reporter-output>
        </test-method> <!-- selectBrowser -->
        <test-method is-config="true" signature="login()[pri:0, instance:organizations.Organization_IndustryTest@4009e306]" started-at="2025-03-18T12:47:11 IST" name="login" finished-at="2025-03-18T12:47:12 IST" duration-ms="1122" status="PASS">
          <reporter-output>
          </reporter-output>
        </test-method> <!-- login -->
        <test-method signature="organization_IndustryTest()[pri:0, instance:organizations.Organization_IndustryTest@4009e306]" started-at="2025-03-18T12:47:12 IST" name="organization_IndustryTest" finished-at="2025-03-18T12:47:28 IST" duration-ms="16221" status="PASS">
          <reporter-output>
          </reporter-output>
        </test-method> <!-- organization_IndustryTest -->
        <test-method is-config="true" signature="logout()[pri:0, instance:organizations.Organization_IndustryTest@4009e306]" started-at="2025-03-18T12:47:28 IST" name="logout" finished-at="2025-03-18T12:47:31 IST" duration-ms="3067" status="PASS">
          <reporter-output>
          </reporter-output>
        </test-method> <!-- logout -->
        <test-method is-config="true" signature="closeBrowser()[pri:0, instance:organizations.Organization_IndustryTest@4009e306]" started-at="2025-03-18T12:47:31 IST" name="closeBrowser" finished-at="2025-03-18T12:47:32 IST" duration-ms="230" status="PASS">
          <reporter-output>
          </reporter-output>
        </test-method> <!-- closeBrowser -->
      </class> <!-- organizations.Organization_IndustryTest -->
      <class name="contacts.CreateContactTest">
        <test-method is-config="true" signature="selectBrowser(java.lang.String)[pri:0, instance:contacts.CreateContactTest@7dc0f706]" started-at="2025-03-18T12:46:38 IST" name="selectBrowser" finished-at="2025-03-18T12:46:39 IST" duration-ms="935" status="PASS">
          <params>
            <param index="0">
              <value>
                <![CDATA[chrome]]>
              </value>
            </param>
          </params>
          <reporter-output>
          </reporter-output>
        </test-method> <!-- selectBrowser -->
        <test-method is-config="true" signature="login()[pri:0, instance:contacts.CreateContactTest@7dc0f706]" started-at="2025-03-18T12:46:39 IST" name="login" finished-at="2025-03-18T12:46:41 IST" duration-ms="1290" status="PASS">
          <reporter-output>
          </reporter-output>
        </test-method> <!-- login -->
        <test-method signature="createContactTest()[pri:0, instance:contacts.CreateContactTest@7dc0f706]" started-at="2025-03-18T12:46:41 IST" name="createContactTest" finished-at="2025-03-18T12:47:07 IST" duration-ms="26352" status="PASS">
          <reporter-output>
          </reporter-output>
        </test-method> <!-- createContactTest -->
        <test-method is-config="true" signature="logout()[pri:0, instance:contacts.CreateContactTest@7dc0f706]" started-at="2025-03-18T12:47:07 IST" name="logout" finished-at="2025-03-18T12:47:10 IST" duration-ms="3003" status="PASS">
          <reporter-output>
          </reporter-output>
        </test-method> <!-- logout -->
        <test-method is-config="true" signature="closeBrowser()[pri:0, instance:contacts.CreateContactTest@7dc0f706]" started-at="2025-03-18T12:47:10 IST" name="closeBrowser" finished-at="2025-03-18T12:47:10 IST" duration-ms="230" status="PASS">
          <reporter-output>
          </reporter-output>
        </test-method> <!-- closeBrowser -->
      </class> <!-- contacts.CreateContactTest -->
      <class name="contacts.ContactWithIndustryTest">
        <test-method is-config="true" signature="selectBrowser(java.lang.String)[pri:0, instance:contacts.ContactWithIndustryTest@43c1b556]" started-at="2025-03-18T12:47:32 IST" name="selectBrowser" finished-at="2025-03-18T12:47:33 IST" duration-ms="932" status="PASS">
          <params>
            <param index="0">
              <value>
                <![CDATA[chrome]]>
              </value>
            </param>
          </params>
          <reporter-output>
          </reporter-output>
        </test-method> <!-- selectBrowser -->
        <test-method is-config="true" signature="login()[pri:0, instance:contacts.ContactWithIndustryTest@43c1b556]" started-at="2025-03-18T12:47:33 IST" name="login" finished-at="2025-03-18T12:47:37 IST" duration-ms="4417" status="PASS">
          <reporter-output>
          </reporter-output>
        </test-method> <!-- login -->
        <test-method signature="contactWithIndustryTest()[pri:0, instance:contacts.ContactWithIndustryTest@43c1b556]" started-at="2025-03-18T12:47:37 IST" name="contactWithIndustryTest" finished-at="2025-03-18T12:48:03 IST" duration-ms="26086" status="PASS">
          <reporter-output>
          </reporter-output>
        </test-method> <!-- contactWithIndustryTest -->
        <test-method is-config="true" signature="logout()[pri:0, instance:contacts.ContactWithIndustryTest@43c1b556]" started-at="2025-03-18T12:48:03 IST" name="logout" finished-at="2025-03-18T12:48:06 IST" duration-ms="3242" status="PASS">
          <reporter-output>
          </reporter-output>
        </test-method> <!-- logout -->
        <test-method is-config="true" signature="closeBrowser()[pri:0, instance:contacts.ContactWithIndustryTest@43c1b556]" started-at="2025-03-18T12:48:06 IST" name="closeBrowser" finished-at="2025-03-18T12:48:07 IST" duration-ms="235" status="PASS">
          <reporter-output>
          </reporter-output>
        </test-method> <!-- closeBrowser -->
      </class> <!-- contacts.ContactWithIndustryTest -->
    </test> <!-- Test6 -->
  </suite> <!-- Suite -->
</testng-results>
